2013-04-12 10:02:09 - Light_FF_Bath_Ceiling received command ON
2013-04-12 10:02:10 - Light_FF_Bath_Mirror received command ON
2013-04-12 10:02:11 - Heating_FF_Bath received command ON
2013-04-12 10:02:12 - Heating_FF_Bath received command OFF
2013-04-12 10:02:13 - Heating_FF_Bath received command ON
2013-04-12 10:02:14 - Heating_FF_Bath received command OFF
2013-04-12 10:02:17 - Shutter_FF_Bath received command UP
2013-04-12 10:02:18 - Shutter_FF_Bath received command UP
2013-04-12 10:02:18 - Shutter_FF_Bath received command UP
2013-04-12 10:02:18 - Shutter_FF_Bath received command UP
2013-04-12 10:02:19 - Shutter_FF_Bath received command UP
2013-04-12 10:02:20 - Shutter_FF_Bath received command DOWN
2013-04-12 10:02:20 - Shutter_FF_Bath received command DOWN
2013-04-12 10:03:05 - Lights received command OFF
2013-04-12 10:03:05 - Light_GF_Living_Table received command OFF
2013-04-12 10:03:05 - Light_GF_Corridor_Ceiling received command OFF
2013-04-12 10:03:05 - Light_GF_Kitchen_Ceiling received command OFF
2013-04-12 10:03:05 - Light_GF_Kitchen_Table received command OFF
2013-04-12 10:03:05 - Light_GF_Corridor_Wardrobe received command OFF
2013-04-12 10:03:05 - Light_GF_Toilet_Ceiling received command OFF
2013-04-12 10:03:05 - Light_GF_Toilet_Mirror received command OFF
2013-04-12 10:03:05 - Light_FF_Bath_Ceiling received command OFF
2013-04-12 10:03:05 - Light_FF_Bath_Mirror received command OFF
2013-04-12 10:03:05 - Light_FF_Corridor_Ceiling received command OFF
2013-04-12 10:03:05 - Light_FF_Office_Ceiling received command OFF
2013-04-12 10:03:05 - Light_FF_Child_Ceiling received command OFF
2013-04-12 10:03:05 - Light_FF_Bed_Ceiling received command OFF
2013-04-12 10:03:05 - Light_C_Corridor_Ceiling received command OFF
2013-04-12 10:03:05 - Light_C_Staircase received command OFF
2013-04-12 10:03:05 - Light_C_Washing_Ceiling received command OFF
2013-04-12 10:03:05 - Light_C_Workshop received command OFF
2013-04-12 10:03:05 - Light_Outdoor_Garage received command OFF
2013-04-12 10:03:05 - Light_Outdoor_Terrace received command OFF
2013-04-12 10:03:05 - Light_Outdoor_Frontdoor received command OFF
2013-04-12 10:03:07 - Lights received command OFF
2013-04-12 10:03:07 - Light_GF_Living_Table received command OFF
2013-04-12 10:03:07 - Light_GF_Corridor_Ceiling received command OFF
2013-04-12 10:03:07 - Light_GF_Kitchen_Ceiling received command OFF
2013-04-12 10:03:07 - Light_GF_Kitchen_Table received command OFF
2013-04-12 10:03:07 - Light_GF_Corridor_Wardrobe received command OFF
2013-04-12 10:03:07 - Light_GF_Toilet_Ceiling received command OFF
2013-04-12 10:03:07 - Light_GF_Toilet_Mirror received command OFF
2013-04-12 10:03:07 - Light_FF_Bath_Ceiling received command OFF
2013-04-12 10:03:07 - Light_FF_Bath_Mirror received command OFF
2013-04-12 10:03:07 - Light_FF_Corridor_Ceiling received command OFF
2013-04-12 10:03:07 - Light_FF_Office_Ceiling received command OFF
2013-04-12 10:03:07 - Light_FF_Child_Ceiling received command OFF
2013-04-12 10:03:07 - Light_FF_Bed_Ceiling received command OFF
2013-04-12 10:03:07 - Light_C_Corridor_Ceiling received command OFF
2013-04-12 10:03:07 - Light_C_Staircase received command OFF
2013-04-12 10:03:07 - Light_C_Washing_Ceiling received command OFF
2013-04-12 10:03:07 - Light_C_Workshop received command OFF
2013-04-12 10:03:07 - Light_Outdoor_Garage received command OFF
2013-04-12 10:03:07 - Light_Outdoor_Terrace received command OFF
2013-04-12 10:03:07 - Light_Outdoor_Frontdoor received command OFF
2013-04-12 10:03:10 - Lights received command OFF
2013-04-12 10:03:10 - Light_GF_Living_Table received command OFF
2013-04-12 10:03:10 - Light_GF_Corridor_Ceiling received command OFF
2013-04-12 10:03:10 - Light_GF_Kitchen_Ceiling received command OFF
2013-04-12 10:03:10 - Light_GF_Kitchen_Table received command OFF
2013-04-12 10:03:10 - Light_GF_Corridor_Wardrobe received command OFF
2013-04-12 10:03:10 - Light_GF_Toilet_Ceiling received command OFF
2013-04-12 10:03:10 - Light_GF_Toilet_Mirror received command OFF
2013-04-12 10:03:10 - Light_FF_Bath_Ceiling received command OFF
2013-04-12 10:03:10 - Light_FF_Bath_Mirror received command OFF
2013-04-12 10:03:10 - Light_FF_Corridor_Ceiling received command OFF
2013-04-12 10:03:10 - Light_FF_Office_Ceiling received command OFF
2013-04-12 10:03:10 - Light_FF_Child_Ceiling received command OFF
2013-04-12 10:03:10 - Light_FF_Bed_Ceiling received command OFF
2013-04-12 10:03:10 - Light_C_Corridor_Ceiling received command OFF
2013-04-12 10:03:10 - Light_C_Staircase received command OFF
2013-04-12 10:03:10 - Light_C_Washing_Ceiling received command OFF
2013-04-12 10:03:10 - Light_C_Workshop received command OFF
2013-04-12 10:03:10 - Light_Outdoor_Garage received command OFF
2013-04-12 10:03:10 - Light_Outdoor_Terrace received command OFF
2013-04-12 10:03:10 - Light_Outdoor_Frontdoor received command OFF
2013-04-12 10:13:07 - Light_FF_Corridor_Ceiling received command ON
2013-04-12 10:13:09 - Light_FF_Corridor_Ceiling received command OFF
2013-04-12 10:13:10 - Light_FF_Corridor_Ceiling received command ON
2013-04-12 10:15:33 - Light_FF_Corridor_Ceiling received command ON
2013-04-12 10:15:54 - Light_FF_Corridor_Ceiling received command OFF
2013-04-12 10:15:56 - Light_FF_Corridor_Ceiling received command ON
2013-04-12 10:15:56 - Light_FF_Corridor_Ceiling received command OFF
2013-04-12 10:18:39 - Light_FF_Corridor_Ceiling received command ON
2013-04-12 10:46:22 - Light_FF_Corridor_Ceiling received command ON
2013-04-12 10:51:11 - Light_FF_Corridor_Ceiling received command ON
2013-04-12 10:57:42 - MySwitch received command ON
2013-04-12 10:59:05 - MySwitch received command ON
2013-04-12 11:09:04 - MySwitch received command ON
2013-04-12 11:22:50 - MySwitch received command ON
2013-04-12 11:23:03 - MySwitch received command OFF
2013-04-12 11:23:34 - Light_FF_Corridor_Ceiling received command ON
2013-04-12 11:24:05 - MySwitch received command ON
2013-04-12 11:30:56 - MySwitch state updated to ON
2013-04-12 11:30:56 - Light_FF_Corridor_Ceiling state updated to ON
2013-04-12 11:30:56 - Contact1 state updated to OPEN
2013-04-12 11:31:13 - MySwitch received command OFF
2013-04-12 11:31:23 - MySwitch received command ON
