09:54:59.142 WARN  o.o.c.core.ConfigDispatcher[:192]- Main openHAB configuration file 'configurations/openhab.cfg' does not exist.
09:54:59.373 INFO  o.o.c.internal.CoreActivator[:90]- openHAB runtime has been started (v1.1.0).
09:55:03.919 INFO  o.o.i.r.i.RESTApplication[:158]- Started REST API at /rest
09:55:03.919 INFO  o.o.i.s.i.DiscoveryServiceImpl[:63]- Registering new service _openhab-server._tcp.local. at port 8080
09:55:10.671 INFO  o.o.i.s.i.DiscoveryServiceImpl[:63]- Registering new service _openhab-server-ssl._tcp.local. at port 8443
09:55:11.178 INFO  o.o.m.c.i.f.FolderObserver[:163]- Loaded file 'main.sitemap'
09:55:11.332 INFO  o.o.m.c.i.f.FolderObserver[:163]- Loaded file 'main.items'
09:55:13.667 INFO  o.o.u.w.i.s.WebAppServlet[:99]- Started Classic UI at /openhab.app
09:55:19.988 WARN  o.o.m.c.i.ModelRepositoryImpl[:82]- Configuration model 'default.sitemap' can not be found
09:55:20.018 WARN  o.e.j.servlet.ServletHandler[:553]- /openhab.app
org.openhab.ui.webapp.render.RenderException: Sitemap 'default' could not be found
	at org.openhab.ui.webapp.internal.servlet.WebAppServlet.service(WebAppServlet.java:134)
	at org.eclipse.equinox.http.servlet.internal.ServletRegistration.service(ServletRegistration.java:61)
	at org.eclipse.equinox.http.servlet.internal.ProxyServlet.processAlias(ProxyServlet.java:128)
	at org.eclipse.equinox.http.servlet.internal.ProxyServlet.service(ProxyServlet.java:60)
	at javax.servlet.http.HttpServlet.service(HttpServlet.java:848)
	at org.eclipse.jetty.servlet.ServletHolder.handle(ServletHolder.java:598)
09:57:02.821 INFO  o.o.i.r.i.RESTApplication[:174]- Stopped REST API
09:57:02.821 INFO  o.o.i.s.i.DiscoveryServiceImpl[:77]- Unregistering service _openhab-server._tcp.local. at port 8080
09:57:04.824 INFO  o.o.i.s.i.DiscoveryServiceImpl[:77]- Unregistering service _openhab-server-ssl._tcp.local. at port 8443
09:57:16.461 INFO  o.o.u.w.i.s.WebAppServlet[:110]- Stopped Classic UI
10:00:52.608 WARN  o.o.c.core.ConfigDispatcher[:192]- Main openHAB configuration file 'configurations/openhab.cfg' does not exist.
10:00:52.838 INFO  o.o.c.internal.CoreActivator[:90]- openHAB runtime has been started (v1.1.0).
10:00:57.295 INFO  o.o.i.r.i.RESTApplication[:158]- Started REST API at /rest
10:00:57.315 INFO  o.o.i.s.i.DiscoveryServiceImpl[:63]- Registering new service _openhab-server._tcp.local. at port 8080
10:01:04.351 INFO  o.o.i.s.i.DiscoveryServiceImpl[:63]- Registering new service _openhab-server-ssl._tcp.local. at port 8443
10:01:04.781 INFO  o.o.m.c.i.f.FolderObserver[:163]- Loaded file 'main.sitemap'
10:01:04.946 INFO  o.o.m.c.i.f.FolderObserver[:163]- Loaded file 'main.items'
10:01:07.413 INFO  o.o.u.w.i.s.WebAppServlet[:99]- Started Classic UI at /openhab.app
10:02:04.212 WARN  o.o.c.t.i.s.MapTransformationService[:90]- Could not find a mapping for '-' in the file 'en.map'.
10:02:09.749 WARN  o.o.c.t.i.s.MapTransformationService[:90]- Could not find a mapping for '-' in the file 'en.map'.
10:02:10.399 WARN  o.o.c.t.i.s.MapTransformationService[:90]- Could not find a mapping for '-' in the file 'en.map'.
10:02:11.284 WARN  o.o.c.t.i.s.MapTransformationService[:90]- Could not find a mapping for '-' in the file 'en.map'.
10:02:12.159 WARN  o.o.c.t.i.s.MapTransformationService[:90]- Could not find a mapping for '-' in the file 'en.map'.
10:02:13.545 WARN  o.o.c.t.i.s.MapTransformationService[:90]- Could not find a mapping for '-' in the file 'en.map'.
10:02:14.718 WARN  o.o.c.t.i.s.MapTransformationService[:90]- Could not find a mapping for '-' in the file 'en.map'.
10:02:18.095 WARN  o.o.c.t.i.s.MapTransformationService[:90]- Could not find a mapping for '-' in the file 'en.map'.
10:02:20.639 WARN  o.o.c.t.i.s.MapTransformationService[:90]- Could not find a mapping for '-' in the file 'en.map'.
10:02:25.860 WARN  o.o.c.t.i.s.MapTransformationService[:90]- Could not find a mapping for '-' in the file 'en.map'.
10:02:25.860 WARN  o.o.c.t.i.s.MapTransformationService[:90]- Could not find a mapping for '-' in the file 'en.map'.
10:02:31.981 WARN  o.o.c.t.i.s.MapTransformationService[:90]- Could not find a mapping for '-' in the file 'en.map'.
10:02:51.361 WARN  o.o.c.t.i.s.MapTransformationService[:90]- Could not find a mapping for '-' in the file 'en.map'.
10:02:51.389 WARN  o.o.u.w.i.r.SwitchRenderer[:88]- Cannot determine item type of 'DemoSwitch'
org.openhab.core.items.ItemNotFoundException: Item 'DemoSwitch' could not be found in the item registry
	at org.openhab.core.internal.items.ItemRegistryImpl.getItem(ItemRegistryImpl.java:97)
	at org.openhab.ui.internal.items.ItemUIRegistryImpl.getItem(ItemUIRegistryImpl.java:506)
	at org.openhab.ui.webapp.internal.render.SwitchRenderer.renderWidget(SwitchRenderer.java:75)
	at org.openhab.ui.webapp.internal.render.PageRenderer.renderWidget(PageRenderer.java:172)
	at org.openhab.ui.webapp.internal.render.PageRenderer.processChildren(PageRenderer.java:139)
	at org.openhab.ui.webapp.internal.render.PageRenderer.processChildren(PageRenderer.java:156)
10:02:51.389 ERROR o.o.u.i.i.ItemUIRegistryImpl[:399]- Cannot retrieve item 'DemoSwitch' for widget org.openhab.model.sitemap.Switch
10:02:51.389 ERROR o.o.u.i.i.ItemUIRegistryImpl[:399]- Cannot retrieve item 'DemoSwitch' for widget org.openhab.model.sitemap.Switch
10:02:51.399 WARN  o.o.u.w.i.r.SwitchRenderer[:88]- Cannot determine item type of 'DemoSwitch'
org.openhab.core.items.ItemNotFoundException: Item 'DemoSwitch' could not be found in the item registry
	at org.openhab.core.internal.items.ItemRegistryImpl.getItem(ItemRegistryImpl.java:97)
	at org.openhab.ui.internal.items.ItemUIRegistryImpl.getItem(ItemUIRegistryImpl.java:506)
	at org.openhab.ui.webapp.internal.render.SwitchRenderer.renderWidget(SwitchRenderer.java:75)
	at org.openhab.ui.webapp.internal.render.PageRenderer.renderWidget(PageRenderer.java:172)
	at org.openhab.ui.webapp.internal.render.PageRenderer.processChildren(PageRenderer.java:139)
	at org.openhab.ui.webapp.internal.render.PageRenderer.processChildren(PageRenderer.java:156)
10:02:51.399 ERROR o.o.u.i.i.ItemUIRegistryImpl[:399]- Cannot retrieve item 'DemoSwitch' for widget org.openhab.model.sitemap.Switch
10:02:51.399 ERROR o.o.u.i.i.ItemUIRegistryImpl[:399]- Cannot retrieve item 'DemoSwitch' for widget org.openhab.model.sitemap.Switch
10:02:51.408 ERROR o.o.u.i.i.ItemUIRegistryImpl[:399]- Cannot retrieve item 'Scene_General' for widget org.openhab.model.sitemap.Selection
10:02:51.408 ERROR o.o.u.i.i.ItemUIRegistryImpl[:399]- Cannot retrieve item 'Scene_General' for widget org.openhab.model.sitemap.Selection
10:02:51.408 WARN  o.o.u.w.i.r.SwitchRenderer[:88]- Cannot determine item type of 'Scene_General'
org.openhab.core.items.ItemNotFoundException: Item 'Scene_General' could not be found in the item registry
	at org.openhab.core.internal.items.ItemRegistryImpl.getItem(ItemRegistryImpl.java:97)
	at org.openhab.ui.internal.items.ItemUIRegistryImpl.getItem(ItemUIRegistryImpl.java:506)
	at org.openhab.ui.webapp.internal.render.SwitchRenderer.renderWidget(SwitchRenderer.java:75)
	at org.openhab.ui.webapp.internal.render.PageRenderer.renderWidget(PageRenderer.java:172)
	at org.openhab.ui.webapp.internal.render.PageRenderer.processChildren(PageRenderer.java:139)
	at org.openhab.ui.webapp.internal.render.PageRenderer.processChildren(PageRenderer.java:156)
10:02:51.408 ERROR o.o.u.i.i.ItemUIRegistryImpl[:399]- Cannot retrieve item 'Scene_General' for widget org.openhab.model.sitemap.Switch
10:02:51.417 ERROR o.o.u.i.i.ItemUIRegistryImpl[:399]- Cannot retrieve item 'Scene_General' for widget org.openhab.model.sitemap.Switch
10:02:51.417 ERROR o.o.u.i.i.ItemUIRegistryImpl[:399]- Cannot retrieve item 'Temperature_Setpoint' for widget org.openhab.model.sitemap.Setpoint
10:02:51.417 ERROR o.o.u.i.i.ItemUIRegistryImpl[:399]- Cannot retrieve item 'Temperature_Setpoint' for widget org.openhab.model.sitemap.Setpoint
10:02:51.417 ERROR o.o.u.i.i.ItemUIRegistryImpl[:399]- Cannot retrieve item 'DimmedLight' for widget org.openhab.model.sitemap.Slider
10:02:51.417 ERROR o.o.u.i.i.ItemUIRegistryImpl[:399]- Cannot retrieve item 'DimmedLight' for widget org.openhab.model.sitemap.Slider
10:02:51.427 WARN  o.o.u.w.i.r.SwitchRenderer[:88]- Cannot determine item type of 'DemoShutter'
org.openhab.core.items.ItemNotFoundException: Item 'DemoShutter' could not be found in the item registry
	at org.openhab.core.internal.items.ItemRegistryImpl.getItem(ItemRegistryImpl.java:97)
	at org.openhab.ui.internal.items.ItemUIRegistryImpl.getItem(ItemUIRegistryImpl.java:506)
	at org.openhab.ui.webapp.internal.render.SwitchRenderer.renderWidget(SwitchRenderer.java:75)
	at org.openhab.ui.webapp.internal.render.PageRenderer.renderWidget(PageRenderer.java:172)
	at org.openhab.ui.webapp.internal.render.PageRenderer.processChildren(PageRenderer.java:139)
	at org.openhab.ui.webapp.internal.render.PageRenderer.processChildren(PageRenderer.java:156)
10:02:51.427 ERROR o.o.u.i.i.ItemUIRegistryImpl[:399]- Cannot retrieve item 'DemoShutter' for widget org.openhab.model.sitemap.Switch
10:02:51.436 ERROR o.o.u.i.i.ItemUIRegistryImpl[:399]- Cannot retrieve item 'DemoShutter' for widget org.openhab.model.sitemap.Switch
10:02:51.436 ERROR o.o.u.i.i.ItemUIRegistryImpl[:399]- Cannot retrieve item 'DemoBlinds' for widget org.openhab.model.sitemap.Slider
10:02:51.446 ERROR o.o.u.i.i.ItemUIRegistryImpl[:399]- Cannot retrieve item 'DemoBlinds' for widget org.openhab.model.sitemap.Slider
10:02:51.446 ERROR o.o.u.i.i.ItemUIRegistryImpl[:399]- Cannot retrieve item 'Radio_Station' for widget org.openhab.model.sitemap.Selection
10:02:51.455 ERROR o.o.u.i.i.ItemUIRegistryImpl[:399]- Cannot retrieve item 'Radio_Station' for widget org.openhab.model.sitemap.Selection
10:02:51.455 ERROR o.o.u.i.i.ItemUIRegistryImpl[:399]- Cannot retrieve item 'Volume' for widget org.openhab.model.sitemap.Slider
10:02:51.455 ERROR o.o.u.i.i.ItemUIRegistryImpl[:399]- Cannot retrieve item 'Volume' for widget org.openhab.model.sitemap.Slider
10:06:15.709 INFO  o.o.m.c.i.f.FolderObserver[:163]- Loaded file 'main.items'
10:06:27.567 INFO  o.o.m.c.i.f.FolderObserver[:163]- Loaded file 'main.items'
10:07:41.487 INFO  o.o.m.c.i.f.FolderObserver[:163]- Loaded file 'main.items'
10:07:51.857 ERROR o.o.u.i.i.ItemUIRegistryImpl[:399]- Cannot retrieve item 'gGF' for widget org.openhab.model.sitemap.Group
10:07:51.857 ERROR o.o.u.i.i.ItemUIRegistryImpl[:399]- Cannot retrieve item 'gC' for widget org.openhab.model.sitemap.Group
10:07:51.857 ERROR o.o.u.i.i.ItemUIRegistryImpl[:399]- Cannot retrieve item 'Outdoor' for widget org.openhab.model.sitemap.Group
10:07:51.857 ERROR o.o.u.i.i.ItemUIRegistryImpl[:399]- Cannot retrieve item 'Weather_Temperature' for widget org.openhab.model.sitemap.Text
10:07:51.857 ERROR o.o.u.i.i.ItemUIRegistryImpl[:399]- Cannot retrieve item 'Date' for widget org.openhab.model.sitemap.Text
10:09:04.265 INFO  o.o.m.c.i.f.FolderObserver[:163]- Loaded file 'main.items'
10:10:02.551 INFO  o.o.m.c.i.f.FolderObserver[:163]- Loaded file 'main.items'
10:10:06.026 INFO  o.o.i.r.i.RESTApplication[:174]- Stopped REST API
10:10:06.026 INFO  o.o.i.s.i.DiscoveryServiceImpl[:77]- Unregistering service _openhab-server._tcp.local. at port 8080
10:10:08.734 INFO  o.o.i.s.i.DiscoveryServiceImpl[:77]- Unregistering service _openhab-server-ssl._tcp.local. at port 8443
10:10:26.447 INFO  o.o.u.w.i.s.WebAppServlet[:110]- Stopped Classic UI
10:10:36.736 WARN  o.o.c.core.ConfigDispatcher[:192]- Main openHAB configuration file 'configurations/openhab.cfg' does not exist.
10:10:37.004 INFO  o.o.c.internal.CoreActivator[:90]- openHAB runtime has been started (v1.1.0).
10:10:42.179 INFO  o.o.i.r.i.RESTApplication[:158]- Started REST API at /rest
10:10:42.179 INFO  o.o.i.s.i.DiscoveryServiceImpl[:63]- Registering new service _openhab-server._tcp.local. at port 8080
10:10:48.721 INFO  o.o.i.s.i.DiscoveryServiceImpl[:63]- Registering new service _openhab-server-ssl._tcp.local. at port 8443
10:10:49.094 INFO  o.o.m.c.i.f.FolderObserver[:163]- Loaded file 'main.sitemap'
10:10:49.144 INFO  o.o.m.c.i.f.FolderObserver[:163]- Loaded file 'main.items'
10:10:51.367 INFO  o.o.u.w.i.s.WebAppServlet[:99]- Started Classic UI at /openhab.app
10:10:55.367 ERROR o.o.u.i.i.ItemUIRegistryImpl[:399]- Cannot retrieve item 'gGF' for widget org.openhab.model.sitemap.Group
10:10:55.367 ERROR o.o.u.i.i.ItemUIRegistryImpl[:399]- Cannot retrieve item 'gC' for widget org.openhab.model.sitemap.Group
10:10:55.367 ERROR o.o.u.i.i.ItemUIRegistryImpl[:399]- Cannot retrieve item 'Outdoor' for widget org.openhab.model.sitemap.Group
10:10:55.367 ERROR o.o.u.i.i.ItemUIRegistryImpl[:399]- Cannot retrieve item 'Weather_Temperature' for widget org.openhab.model.sitemap.Text
10:10:55.367 ERROR o.o.u.i.i.ItemUIRegistryImpl[:399]- Cannot retrieve item 'Date' for widget org.openhab.model.sitemap.Text
10:10:57.250 ERROR o.o.u.i.i.ItemUIRegistryImpl[:399]- Cannot retrieve item 'gGF' for widget org.openhab.model.sitemap.Group
10:10:57.250 ERROR o.o.u.i.i.ItemUIRegistryImpl[:399]- Cannot retrieve item 'gC' for widget org.openhab.model.sitemap.Group
10:10:57.250 ERROR o.o.u.i.i.ItemUIRegistryImpl[:399]- Cannot retrieve item 'Outdoor' for widget org.openhab.model.sitemap.Group
10:10:57.250 ERROR o.o.u.i.i.ItemUIRegistryImpl[:399]- Cannot retrieve item 'Weather_Temperature' for widget org.openhab.model.sitemap.Text
10:10:57.259 ERROR o.o.u.i.i.ItemUIRegistryImpl[:399]- Cannot retrieve item 'Date' for widget org.openhab.model.sitemap.Text
10:11:02.674 ERROR o.o.u.i.i.ItemUIRegistryImpl[:399]- Cannot retrieve item 'gGF' for widget org.openhab.model.sitemap.Group
10:11:02.674 ERROR o.o.u.i.i.ItemUIRegistryImpl[:399]- Cannot retrieve item 'gC' for widget org.openhab.model.sitemap.Group
10:11:02.674 ERROR o.o.u.i.i.ItemUIRegistryImpl[:399]- Cannot retrieve item 'Outdoor' for widget org.openhab.model.sitemap.Group
10:11:02.674 ERROR o.o.u.i.i.ItemUIRegistryImpl[:399]- Cannot retrieve item 'Weather_Temperature' for widget org.openhab.model.sitemap.Text
10:11:02.674 ERROR o.o.u.i.i.ItemUIRegistryImpl[:399]- Cannot retrieve item 'Date' for widget org.openhab.model.sitemap.Text
10:11:14.964 INFO  o.o.m.c.i.f.FolderObserver[:163]- Loaded file 'main.items'
10:12:00.016 ERROR o.o.u.i.i.ItemUIRegistryImpl[:399]- Cannot retrieve item 'gGF' for widget org.openhab.model.sitemap.Group
10:12:00.016 ERROR o.o.u.i.i.ItemUIRegistryImpl[:399]- Cannot retrieve item 'gC' for widget org.openhab.model.sitemap.Group
10:12:00.028 ERROR o.o.u.i.i.ItemUIRegistryImpl[:399]- Cannot retrieve item 'Outdoor' for widget org.openhab.model.sitemap.Group
10:12:00.028 ERROR o.o.u.i.i.ItemUIRegistryImpl[:399]- Cannot retrieve item 'Weather_Temperature' for widget org.openhab.model.sitemap.Text
10:12:00.028 ERROR o.o.u.i.i.ItemUIRegistryImpl[:399]- Cannot retrieve item 'Date' for widget org.openhab.model.sitemap.Text
10:12:02.000 INFO  o.o.m.c.i.f.FolderObserver[:163]- Loaded file 'main.sitemap'
10:13:36.931 INFO  o.o.i.r.i.RESTApplication[:174]- Stopped REST API
10:13:36.931 INFO  o.o.i.s.i.DiscoveryServiceImpl[:77]- Unregistering service _openhab-server._tcp.local. at port 8080
10:13:39.177 INFO  o.o.i.s.i.DiscoveryServiceImpl[:77]- Unregistering service _openhab-server-ssl._tcp.local. at port 8443
10:13:41.423 INFO  o.o.u.w.i.s.WebAppServlet[:110]- Stopped Classic UI
10:14:37.788 WARN  o.o.c.core.ConfigDispatcher[:192]- Main openHAB configuration file 'configurations/openhab.cfg' does not exist.
10:14:37.991 INFO  o.o.c.internal.CoreActivator[:90]- openHAB runtime has been started (v1.1.0).
10:14:38.130 ERROR o.o.b.b.i.BTDeviceDiscoveryService[:237]- Error while initializing local bluetooth device.
javax.bluetooth.BluetoothStateException: BluetoothStack not detected
	at com.intel.bluetooth.BlueCoveImpl.detectStack(BlueCoveImpl.java:496)
	at com.intel.bluetooth.BlueCoveImpl.access$500(BlueCoveImpl.java:69)
	at com.intel.bluetooth.BlueCoveImpl$1.run(BlueCoveImpl.java:1044)
	at java.security.AccessController.doPrivileged(Native Method)
	at com.intel.bluetooth.BlueCoveImpl.detectStackPrivileged(BlueCoveImpl.java:1042)
	at com.intel.bluetooth.BlueCoveImpl.getBluetoothStack(BlueCoveImpl.java:1035)
10:14:39.887 INFO  o.o.m.c.i.f.FolderObserver[:163]- Loaded file 'main.items'
10:14:42.312 INFO  o.o.i.r.i.RESTApplication[:158]- Started REST API at /rest
10:14:42.312 INFO  o.o.i.s.i.DiscoveryServiceImpl[:63]- Registering new service _openhab-server._tcp.local. at port 8080
10:14:48.757 INFO  o.o.i.s.i.DiscoveryServiceImpl[:63]- Registering new service _openhab-server-ssl._tcp.local. at port 8443
10:14:49.051 INFO  o.o.m.c.i.f.FolderObserver[:163]- Loaded file 'main.sitemap'
10:14:51.327 INFO  o.o.u.w.i.s.WebAppServlet[:99]- Started Classic UI at /openhab.app
10:15:33.087 ERROR OSGi[:98]- Exception while dispatching event org.osgi.service.event.Event [topic=openhab/command/Light_FF_Corridor_Ceiling] to handler org.openhab.binding.modbus.internal.ModbusBinding@abaf8c
java.lang.NullPointerException: null
	at org.openhab.binding.modbus.internal.ModbusBinding.internalReceiveCommand(ModbusBinding.java:82)
	at org.openhab.core.events.AbstractEventSubscriberBinding.receiveCommand(AbstractEventSubscriberBinding.java:76)
	at org.openhab.core.events.AbstractEventSubscriber.handleEvent(AbstractEventSubscriber.java:62)
	at org.eclipse.equinox.internal.event.EventHandlerWrapper.handleEvent(EventHandlerWrapper.java:197)
	at org.eclipse.equinox.internal.event.EventHandlerTracker.dispatchEvent(EventHandlerTracker.java:197)
	at org.eclipse.equinox.internal.event.EventHandlerTracker.dispatchEvent(EventHandlerTracker.java:1)
10:15:54.937 ERROR OSGi[:98]- Exception while dispatching event org.osgi.service.event.Event [topic=openhab/command/Light_FF_Corridor_Ceiling] to handler org.openhab.binding.modbus.internal.ModbusBinding@abaf8c
java.lang.NullPointerException: null
	at org.openhab.binding.modbus.internal.ModbusBinding.internalReceiveCommand(ModbusBinding.java:82)
	at org.openhab.core.events.AbstractEventSubscriberBinding.receiveCommand(AbstractEventSubscriberBinding.java:76)
	at org.openhab.core.events.AbstractEventSubscriber.handleEvent(AbstractEventSubscriber.java:62)
	at org.eclipse.equinox.internal.event.EventHandlerWrapper.handleEvent(EventHandlerWrapper.java:197)
	at org.eclipse.equinox.internal.event.EventHandlerTracker.dispatchEvent(EventHandlerTracker.java:197)
	at org.eclipse.equinox.internal.event.EventHandlerTracker.dispatchEvent(EventHandlerTracker.java:1)
10:15:56.222 ERROR OSGi[:98]- Exception while dispatching event org.osgi.service.event.Event [topic=openhab/command/Light_FF_Corridor_Ceiling] to handler org.openhab.binding.modbus.internal.ModbusBinding@abaf8c
java.lang.NullPointerException: null
	at org.openhab.binding.modbus.internal.ModbusBinding.internalReceiveCommand(ModbusBinding.java:82)
	at org.openhab.core.events.AbstractEventSubscriberBinding.receiveCommand(AbstractEventSubscriberBinding.java:76)
	at org.openhab.core.events.AbstractEventSubscriber.handleEvent(AbstractEventSubscriber.java:62)
	at org.eclipse.equinox.internal.event.EventHandlerWrapper.handleEvent(EventHandlerWrapper.java:197)
	at org.eclipse.equinox.internal.event.EventHandlerTracker.dispatchEvent(EventHandlerTracker.java:197)
	at org.eclipse.equinox.internal.event.EventHandlerTracker.dispatchEvent(EventHandlerTracker.java:1)
10:15:56.945 ERROR OSGi[:98]- Exception while dispatching event org.osgi.service.event.Event [topic=openhab/command/Light_FF_Corridor_Ceiling] to handler org.openhab.binding.modbus.internal.ModbusBinding@abaf8c
java.lang.NullPointerException: null
	at org.openhab.binding.modbus.internal.ModbusBinding.internalReceiveCommand(ModbusBinding.java:82)
	at org.openhab.core.events.AbstractEventSubscriberBinding.receiveCommand(AbstractEventSubscriberBinding.java:76)
	at org.openhab.core.events.AbstractEventSubscriber.handleEvent(AbstractEventSubscriber.java:62)
	at org.eclipse.equinox.internal.event.EventHandlerWrapper.handleEvent(EventHandlerWrapper.java:197)
	at org.eclipse.equinox.internal.event.EventHandlerTracker.dispatchEvent(EventHandlerTracker.java:197)
	at org.eclipse.equinox.internal.event.EventHandlerTracker.dispatchEvent(EventHandlerTracker.java:1)
10:16:21.981 INFO  o.o.m.c.i.f.FolderObserver[:163]- Loaded file 'main.sitemap'
10:18:39.230 ERROR OSGi[:98]- Exception while dispatching event org.osgi.service.event.Event [topic=openhab/command/Light_FF_Corridor_Ceiling] to handler org.openhab.binding.modbus.internal.ModbusBinding@abaf8c
java.lang.NullPointerException: null
	at org.openhab.binding.modbus.internal.ModbusBinding.internalReceiveCommand(ModbusBinding.java:82)
	at org.openhab.core.events.AbstractEventSubscriberBinding.receiveCommand(AbstractEventSubscriberBinding.java:76)
	at org.openhab.core.events.AbstractEventSubscriber.handleEvent(AbstractEventSubscriber.java:62)
	at org.eclipse.equinox.internal.event.EventHandlerWrapper.handleEvent(EventHandlerWrapper.java:197)
	at org.eclipse.equinox.internal.event.EventHandlerTracker.dispatchEvent(EventHandlerTracker.java:197)
	at org.eclipse.equinox.internal.event.EventHandlerTracker.dispatchEvent(EventHandlerTracker.java:1)
10:44:24.504 INFO  o.o.m.c.i.f.FolderObserver[:163]- Loaded file 'main.items'
10:46:22.233 ERROR OSGi[:98]- Exception while dispatching event org.osgi.service.event.Event [topic=openhab/command/Light_FF_Corridor_Ceiling] to handler org.openhab.binding.modbus.internal.ModbusBinding@abaf8c
java.lang.NullPointerException: null
	at org.openhab.binding.modbus.internal.ModbusBinding.internalReceiveCommand(ModbusBinding.java:82)
	at org.openhab.core.events.AbstractEventSubscriberBinding.receiveCommand(AbstractEventSubscriberBinding.java:76)
	at org.openhab.core.events.AbstractEventSubscriber.handleEvent(AbstractEventSubscriber.java:62)
	at org.eclipse.equinox.internal.event.EventHandlerWrapper.handleEvent(EventHandlerWrapper.java:197)
	at org.eclipse.equinox.internal.event.EventHandlerTracker.dispatchEvent(EventHandlerTracker.java:197)
	at org.eclipse.equinox.internal.event.EventHandlerTracker.dispatchEvent(EventHandlerTracker.java:1)
10:46:42.282 INFO  o.o.i.r.i.RESTApplication[:174]- Stopped REST API
10:46:42.282 INFO  o.o.i.s.i.DiscoveryServiceImpl[:77]- Unregistering service _openhab-server._tcp.local. at port 8080
10:46:43.895 ERROR org.quartz.core.JobRunShell[:222]- Job DB4O_SchedulerGroup.Commit_Transaction threw an unhandled Exception: 
com.db4o.ext.DatabaseClosedException: null
	at com.db4o.internal.ObjectContainerBase.checkClosed(ObjectContainerBase.java:303)
	at com.db4o.internal.ObjectContainerBase.checkTransaction(ObjectContainerBase.java:331)
	at com.db4o.internal.ObjectContainerBase.rollback(ObjectContainerBase.java:1559)
	at com.db4o.internal.ExternalObjectContainer.rollback(ExternalObjectContainer.java:119)
	at org.openhab.persistence.db4o.internal.Db4oPersistenceService$CommitJob.execute(Db4oPersistenceService.java:291)
	at org.quartz.core.JobRunShell.run(JobRunShell.java:213)
10:46:43.895 ERROR org.quartz.core.ErrorLogger[:2361]- Job (DB4O_SchedulerGroup.Commit_Transaction threw an exception.
org.quartz.SchedulerException: Job threw an unhandled exception.
	at org.quartz.core.JobRunShell.run(JobRunShell.java:224)
	at org.quartz.simpl.SimpleThreadPool$WorkerThread.run(SimpleThreadPool.java:557)
Caused by: com.db4o.ext.DatabaseClosedException: null
	at com.db4o.internal.ObjectContainerBase.checkClosed(ObjectContainerBase.java:303)
	at com.db4o.internal.ObjectContainerBase.checkTransaction(ObjectContainerBase.java:331)
	at com.db4o.internal.ObjectContainerBase.rollback(ObjectContainerBase.java:1559)
	at com.db4o.internal.ExternalObjectContainer.rollback(ExternalObjectContainer.java:119)
	at org.openhab.persistence.db4o.internal.Db4oPersistenceService$CommitJob.execute(Db4oPersistenceService.java:291)
	at org.quartz.core.JobRunShell.run(JobRunShell.java:213)
10:46:44.285 INFO  o.o.i.s.i.DiscoveryServiceImpl[:77]- Unregistering service _openhab-server-ssl._tcp.local. at port 8443
10:46:48.892 ERROR org.quartz.core.JobRunShell[:222]- Job DB4O_SchedulerGroup.Commit_Transaction threw an unhandled Exception: 
com.db4o.ext.DatabaseClosedException: null
	at com.db4o.internal.ObjectContainerBase.checkClosed(ObjectContainerBase.java:303)
	at com.db4o.internal.ObjectContainerBase.checkTransaction(ObjectContainerBase.java:331)
	at com.db4o.internal.ObjectContainerBase.rollback(ObjectContainerBase.java:1559)
	at com.db4o.internal.ExternalObjectContainer.rollback(ExternalObjectContainer.java:119)
	at org.openhab.persistence.db4o.internal.Db4oPersistenceService$CommitJob.execute(Db4oPersistenceService.java:291)
	at org.quartz.core.JobRunShell.run(JobRunShell.java:213)
10:46:48.892 ERROR org.quartz.core.ErrorLogger[:2361]- Job (DB4O_SchedulerGroup.Commit_Transaction threw an exception.
org.quartz.SchedulerException: Job threw an unhandled exception.
	at org.quartz.core.JobRunShell.run(JobRunShell.java:224)
	at org.quartz.simpl.SimpleThreadPool$WorkerThread.run(SimpleThreadPool.java:557)
Caused by: com.db4o.ext.DatabaseClosedException: null
	at com.db4o.internal.ObjectContainerBase.checkClosed(ObjectContainerBase.java:303)
	at com.db4o.internal.ObjectContainerBase.checkTransaction(ObjectContainerBase.java:331)
	at com.db4o.internal.ObjectContainerBase.rollback(ObjectContainerBase.java:1559)
	at com.db4o.internal.ExternalObjectContainer.rollback(ExternalObjectContainer.java:119)
	at org.openhab.persistence.db4o.internal.Db4oPersistenceService$CommitJob.execute(Db4oPersistenceService.java:291)
	at org.quartz.core.JobRunShell.run(JobRunShell.java:213)
10:46:52.667 INFO  o.o.u.w.i.s.WebAppServlet[:110]- Stopped Classic UI
10:50:03.894 WARN  o.o.c.core.ConfigDispatcher[:192]- Main openHAB configuration file 'configurations/openhab.cfg' does not exist.
10:50:04.375 INFO  o.o.c.internal.CoreActivator[:90]- openHAB runtime has been started (v1.1.0).
10:50:04.535 ERROR o.o.b.b.i.BTDeviceDiscoveryService[:237]- Error while initializing local bluetooth device.
javax.bluetooth.BluetoothStateException: BluetoothStack not detected
	at com.intel.bluetooth.BlueCoveImpl.detectStack(BlueCoveImpl.java:496)
	at com.intel.bluetooth.BlueCoveImpl.access$500(BlueCoveImpl.java:69)
	at com.intel.bluetooth.BlueCoveImpl$1.run(BlueCoveImpl.java:1044)
	at java.security.AccessController.doPrivileged(Native Method)
	at com.intel.bluetooth.BlueCoveImpl.detectStackPrivileged(BlueCoveImpl.java:1042)
	at com.intel.bluetooth.BlueCoveImpl.getBluetoothStack(BlueCoveImpl.java:1035)
10:50:06.598 INFO  o.o.m.c.i.f.FolderObserver[:163]- Loaded file 'main.items'
10:50:09.452 INFO  o.o.i.r.i.RESTApplication[:158]- Started REST API at /rest
10:50:09.463 INFO  o.o.i.s.i.DiscoveryServiceImpl[:63]- Registering new service _openhab-server._tcp.local. at port 8080
10:50:15.939 INFO  o.o.i.s.i.DiscoveryServiceImpl[:63]- Registering new service _openhab-server-ssl._tcp.local. at port 8443
10:50:17.161 INFO  o.o.m.c.i.f.FolderObserver[:163]- Loaded file 'main.sitemap'
10:50:18.553 INFO  o.o.u.w.i.s.WebAppServlet[:99]- Started Classic UI at /openhab.app
10:51:11.789 ERROR OSGi[:98]- Exception while dispatching event org.osgi.service.event.Event [topic=openhab/command/Light_FF_Corridor_Ceiling] to handler org.openhab.binding.modbus.internal.ModbusBinding@39471b
java.lang.NullPointerException: null
	at org.openhab.binding.modbus.internal.ModbusBinding.internalReceiveCommand(ModbusBinding.java:82)
	at org.openhab.core.events.AbstractEventSubscriberBinding.receiveCommand(AbstractEventSubscriberBinding.java:76)
	at org.openhab.core.events.AbstractEventSubscriber.handleEvent(AbstractEventSubscriber.java:62)
	at org.eclipse.equinox.internal.event.EventHandlerWrapper.handleEvent(EventHandlerWrapper.java:197)
	at org.eclipse.equinox.internal.event.EventHandlerTracker.dispatchEvent(EventHandlerTracker.java:197)
	at org.eclipse.equinox.internal.event.EventHandlerTracker.dispatchEvent(EventHandlerTracker.java:1)
10:55:07.140 INFO  o.o.m.c.i.f.FolderObserver[:163]- Loaded file 'main.items'
10:55:57.496 INFO  o.o.m.c.i.f.FolderObserver[:163]- Loaded file 'main.items'
10:56:28.837 WARN  o.o.c.t.i.s.MapTransformationService[:90]- Could not find a mapping for '-' in the file 'en.map'.
10:57:11.786 WARN  o.o.c.t.i.s.MapTransformationService[:90]- Could not find a mapping for '-' in the file 'en.map'.
10:57:36.515 WARN  o.o.c.t.i.s.MapTransformationService[:90]- Could not find a mapping for '-' in the file 'en.map'.
10:57:42.684 ERROR OSGi[:98]- Exception while dispatching event org.osgi.service.event.Event [topic=openhab/command/MySwitch] to handler org.openhab.binding.modbus.internal.ModbusBinding@39471b
java.lang.NullPointerException: null
	at org.openhab.binding.modbus.internal.ModbusBinding.internalReceiveCommand(ModbusBinding.java:82)
	at org.openhab.core.events.AbstractEventSubscriberBinding.receiveCommand(AbstractEventSubscriberBinding.java:76)
	at org.openhab.core.events.AbstractEventSubscriber.handleEvent(AbstractEventSubscriber.java:62)
	at org.eclipse.equinox.internal.event.EventHandlerWrapper.handleEvent(EventHandlerWrapper.java:197)
	at org.eclipse.equinox.internal.event.EventHandlerTracker.dispatchEvent(EventHandlerTracker.java:197)
	at org.eclipse.equinox.internal.event.EventHandlerTracker.dispatchEvent(EventHandlerTracker.java:1)
10:57:42.714 WARN  o.o.c.t.i.s.MapTransformationService[:90]- Could not find a mapping for '-' in the file 'en.map'.
10:58:37.916 INFO  o.o.m.c.i.f.FolderObserver[:163]- Loaded file 'main.items'
10:58:58.013 INFO  o.o.m.c.i.f.FolderObserver[:163]- Loaded file 'main.items'
10:59:05.874 ERROR OSGi[:98]- Exception while dispatching event org.osgi.service.event.Event [topic=openhab/command/MySwitch] to handler org.openhab.binding.modbus.internal.ModbusBinding@39471b
java.lang.NullPointerException: null
	at org.openhab.binding.modbus.internal.ModbusBinding.internalReceiveCommand(ModbusBinding.java:82)
	at org.openhab.core.events.AbstractEventSubscriberBinding.receiveCommand(AbstractEventSubscriberBinding.java:76)
	at org.openhab.core.events.AbstractEventSubscriber.handleEvent(AbstractEventSubscriber.java:62)
	at org.eclipse.equinox.internal.event.EventHandlerWrapper.handleEvent(EventHandlerWrapper.java:197)
	at org.eclipse.equinox.internal.event.EventHandlerTracker.dispatchEvent(EventHandlerTracker.java:197)
	at org.eclipse.equinox.internal.event.EventHandlerTracker.dispatchEvent(EventHandlerTracker.java:1)
11:01:57.923 INFO  o.o.m.c.i.f.FolderObserver[:163]- Loaded file 'main.items'
11:02:07.938 INFO  o.o.m.c.i.f.FolderObserver[:163]- Loaded file 'main.items'
11:02:28.917 INFO  o.o.m.c.i.f.FolderObserver[:163]- Loaded file 'main.items'
11:03:48.848 ERROR OSGi[:98]- [SCR] Cannot correctly deactivate instance org.openhab.binding.sonos.internal.SonosBinding@14ef239 of component Component[
	name = org.openhab.binding.sonos
	activate = activate
	deactivate = deactivate
	modified = 
	configuration-policy = optional
	factory = null
	autoenable = true
	immediate = false
	implementation = org.openhab.binding.sonos.internal.SonosBinding
	state = Unsatisfied
	properties = {event.topics=openhab/*, service.pid=org.openhab.sonos}
	serviceFactory = false
	serviceInterface = [org.osgi.service.cm.ManagedService, org.osgi.service.event.EventHandler]
	references = {
		Reference[name = EventPublisher, interface = org.openhab.core.events.EventPublisher, policy = dynamic, cardinality = 1..1, target = null, bind = setEventPublisher, unbind = unsetEventPublisher]
		Reference[name = ItemRegistry, interface = org.openhab.core.items.ItemRegistry, policy = dynamic, cardinality = 1..1, target = null, bind = setItemRegistry, unbind = unsetItemRegistry]
		Reference[name = SonosBindingProvider, interface = org.openhab.binding.sonos.SonosBindingProvider, policy = dynamic, cardinality = 1..n, target = null, bind = addBindingProvider, unbind = removeBindingProvider]
	}
	located in bundle = org.openhab.binding.sonos_1.1.0.201212161747 [230]
]! The specified deactivate method was not found! 
11:03:48.848 ERROR OSGi[:98]- [SCR] Cannot correctly deactivate instance org.openhab.binding.sonos.internal.SonosBinding@14ef239 of component Component[
	name = org.openhab.binding.sonos
	activate = activate
	deactivate = deactivate
	modified = 
	configuration-policy = optional
	factory = null
	autoenable = true
	immediate = false
	implementation = org.openhab.binding.sonos.internal.SonosBinding
	state = Unsatisfied
	properties = {event.topics=openhab/*, service.pid=org.openhab.sonos}
	serviceFactory = false
	serviceInterface = [org.osgi.service.cm.ManagedService, org.osgi.service.event.EventHandler]
	references = {
		Reference[name = EventPublisher, interface = org.openhab.core.events.EventPublisher, policy = dynamic, cardinality = 1..1, target = null, bind = setEventPublisher, unbind = unsetEventPublisher]
		Reference[name = ItemRegistry, interface = org.openhab.core.items.ItemRegistry, policy = dynamic, cardinality = 1..1, target = null, bind = setItemRegistry, unbind = unsetItemRegistry]
		Reference[name = SonosBindingProvider, interface = org.openhab.binding.sonos.SonosBindingProvider, policy = dynamic, cardinality = 1..n, target = null, bind = addBindingProvider, unbind = removeBindingProvider]
	}
	located in bundle = org.openhab.binding.sonos_1.1.0.201212161747 [230]
]! The specified deactivate method was not found! 
11:03:48.898 ERROR OSGi[:98]- [SCR] Error while attempting to deactivate instance of component Component[
	name = org.openhab.binding.ihc.in
	activate = activate
	deactivate = deactivate
	modified = 
	configuration-policy = optional
	factory = null
	autoenable = true
	immediate = false
	implementation = org.openhab.binding.ihc.internal.IhcInBinding
	state = Unsatisfied
	properties = {service.pid=org.openhab.ihc.in}
	serviceFactory = false
	serviceInterface = [org.osgi.service.cm.ManagedService]
	references = {
		Reference[name = EventPublisher, interface = org.openhab.core.events.EventPublisher, policy = dynamic, cardinality = 1..1, target = null, bind = setEventPublisher, unbind = unsetEventPublisher]
		Reference[name = ItemRegistry, interface = org.openhab.core.items.ItemRegistry, policy = dynamic, cardinality = 1..1, target = null, bind = setItemRegistry, unbind = unsetItemRegistry]
		Reference[name = IhcBindingProvider, interface = org.openhab.binding.ihc.IhcBindingProvider, policy = dynamic, cardinality = 1..n, target = null, bind = addBindingProvider, unbind = removeBindingProvider]
	}
	located in bundle = org.openhab.binding.ihc_1.1.0.201212161747 [245]
]
java.lang.reflect.InvocationTargetException: null
	at sun.reflect.NativeMethodAccessorImpl.invoke0(Native Method)
	at sun.reflect.NativeMethodAccessorImpl.invoke(Unknown Source)
	at sun.reflect.DelegatingMethodAccessorImpl.invoke(Unknown Source)
	at java.lang.reflect.Method.invoke(Unknown Source)
	at org.eclipse.equinox.internal.ds.model.ServiceComponent.deactivate(ServiceComponent.java:363)
	at org.eclipse.equinox.internal.ds.model.ServiceComponentProp.deactivate(ServiceComponentProp.java:161)
Caused by: java.lang.NullPointerException: null
	at org.openhab.binding.ihc.internal.IhcInBinding.deactivate(IhcInBinding.java:143)
	at sun.reflect.NativeMethodAccessorImpl.invoke0(Native Method)
	at sun.reflect.NativeMethodAccessorImpl.invoke(Unknown Source)
	at sun.reflect.DelegatingMethodAccessorImpl.invoke(Unknown Source)
	at java.lang.reflect.Method.invoke(Unknown Source)
	at org.eclipse.equinox.internal.ds.model.ServiceComponent.deactivate(ServiceComponent.java:363)
11:03:48.898 ERROR OSGi[:98]- [SCR] Error while attempting to deactivate instance of component Component[
	name = org.openhab.binding.ihc.in
	activate = activate
	deactivate = deactivate
	modified = 
	configuration-policy = optional
	factory = null
	autoenable = true
	immediate = false
	implementation = org.openhab.binding.ihc.internal.IhcInBinding
	state = Unsatisfied
	properties = {service.pid=org.openhab.ihc.in}
	serviceFactory = false
	serviceInterface = [org.osgi.service.cm.ManagedService]
	references = {
		Reference[name = EventPublisher, interface = org.openhab.core.events.EventPublisher, policy = dynamic, cardinality = 1..1, target = null, bind = setEventPublisher, unbind = unsetEventPublisher]
		Reference[name = ItemRegistry, interface = org.openhab.core.items.ItemRegistry, policy = dynamic, cardinality = 1..1, target = null, bind = setItemRegistry, unbind = unsetItemRegistry]
		Reference[name = IhcBindingProvider, interface = org.openhab.binding.ihc.IhcBindingProvider, policy = dynamic, cardinality = 1..n, target = null, bind = addBindingProvider, unbind = removeBindingProvider]
	}
	located in bundle = org.openhab.binding.ihc_1.1.0.201212161747 [245]
]
java.lang.reflect.InvocationTargetException: null
	at sun.reflect.NativeMethodAccessorImpl.invoke0(Native Method)
	at sun.reflect.NativeMethodAccessorImpl.invoke(Unknown Source)
	at sun.reflect.DelegatingMethodAccessorImpl.invoke(Unknown Source)
	at java.lang.reflect.Method.invoke(Unknown Source)
	at org.eclipse.equinox.internal.ds.model.ServiceComponent.deactivate(ServiceComponent.java:363)
	at org.eclipse.equinox.internal.ds.model.ServiceComponentProp.deactivate(ServiceComponentProp.java:161)
Caused by: java.lang.NullPointerException: null
	at org.openhab.binding.ihc.internal.IhcInBinding.deactivate(IhcInBinding.java:143)
	at sun.reflect.NativeMethodAccessorImpl.invoke0(Native Method)
	at sun.reflect.NativeMethodAccessorImpl.invoke(Unknown Source)
	at sun.reflect.DelegatingMethodAccessorImpl.invoke(Unknown Source)
	at java.lang.reflect.Method.invoke(Unknown Source)
	at org.eclipse.equinox.internal.ds.model.ServiceComponent.deactivate(ServiceComponent.java:363)
11:03:48.908 INFO  o.o.b.t.AbstractChannelEventSubscriberBinding[:544]- UDPBinding Selector Thread has been shut down
11:03:48.908 INFO  o.o.b.t.AbstractChannelEventSubscriberBinding[:290]- UDPBinding Parser Thread has been shut down
11:03:48.908 INFO  o.o.b.t.AbstractChannelEventSubscriberBinding[:290]- TCPBinding Parser Thread has been shut down
11:03:48.908 INFO  o.o.b.t.AbstractChannelEventSubscriberBinding[:544]- TCPBinding Selector Thread has been shut down
11:03:54.396 INFO  o.o.i.r.i.RESTApplication[:174]- Stopped REST API
11:03:54.396 INFO  o.o.i.s.i.DiscoveryServiceImpl[:77]- Unregistering service _openhab-server._tcp.local. at port 8080
11:03:56.399 INFO  o.o.i.s.i.DiscoveryServiceImpl[:77]- Unregistering service _openhab-server-ssl._tcp.local. at port 8443
11:04:06.143 INFO  o.o.b.t.AbstractChannelEventSubscriberBinding[:210]- TCPBinding Reconnect Thread has been shut down
11:04:06.273 INFO  o.o.c.s.AbstractActiveService[:210]- VDR Monitor Service has been shut down
11:04:10.549 INFO  o.o.u.w.i.s.WebAppServlet[:110]- Stopped Classic UI
11:04:20.243 WARN  o.o.c.core.ConfigDispatcher[:192]- Main openHAB configuration file 'configurations/openhab.cfg' does not exist.
11:04:20.493 INFO  o.o.c.internal.CoreActivator[:90]- openHAB runtime has been started (v1.1.0).
11:04:22.656 INFO  o.o.m.c.i.f.FolderObserver[:163]- Loaded file 'main.items'
11:04:25.220 INFO  o.o.i.r.i.RESTApplication[:158]- Started REST API at /rest
11:04:25.220 INFO  o.o.i.s.i.DiscoveryServiceImpl[:63]- Registering new service _openhab-server._tcp.local. at port 8080
11:04:32.097 INFO  o.o.i.s.i.DiscoveryServiceImpl[:63]- Registering new service _openhab-server-ssl._tcp.local. at port 8443
11:04:33.463 INFO  o.o.m.c.i.f.FolderObserver[:163]- Loaded file 'main.sitemap'
11:04:35.104 INFO  o.o.u.w.i.s.WebAppServlet[:99]- Started Classic UI at /openhab.app
11:04:59.408 INFO  o.o.i.r.i.RESTApplication[:174]- Stopped REST API
11:04:59.418 INFO  o.o.i.s.i.DiscoveryServiceImpl[:77]- Unregistering service _openhab-server._tcp.local. at port 8080
11:05:01.420 INFO  o.o.i.s.i.DiscoveryServiceImpl[:77]- Unregistering service _openhab-server-ssl._tcp.local. at port 8443
11:05:03.422 INFO  o.o.u.w.i.s.WebAppServlet[:110]- Stopped Classic UI
11:05:30.236 WARN  o.o.c.core.ConfigDispatcher[:192]- Main openHAB configuration file 'configurations/openhab.cfg' does not exist.
11:05:30.496 INFO  o.o.c.internal.CoreActivator[:90]- openHAB runtime has been started (v1.1.0).
11:05:32.749 INFO  o.o.m.c.i.f.FolderObserver[:163]- Loaded file 'main.items'
11:05:35.273 INFO  o.o.i.r.i.RESTApplication[:158]- Started REST API at /rest
11:05:35.283 INFO  o.o.i.s.i.DiscoveryServiceImpl[:63]- Registering new service _openhab-server._tcp.local. at port 8080
11:05:42.102 INFO  o.o.i.s.i.DiscoveryServiceImpl[:63]- Registering new service _openhab-server-ssl._tcp.local. at port 8443
11:05:43.490 INFO  o.o.m.c.i.f.FolderObserver[:163]- Loaded file 'main.sitemap'
11:05:44.955 INFO  o.o.u.w.i.s.WebAppServlet[:99]- Started Classic UI at /openhab.app
11:08:05.965 INFO  o.o.i.r.i.RESTApplication[:174]- Stopped REST API
11:08:05.965 INFO  o.o.i.s.i.DiscoveryServiceImpl[:77]- Unregistering service _openhab-server._tcp.local. at port 8080
11:08:08.355 INFO  o.o.i.s.i.DiscoveryServiceImpl[:77]- Unregistering service _openhab-server-ssl._tcp.local. at port 8443
11:08:10.614 INFO  o.o.u.w.i.s.WebAppServlet[:110]- Stopped Classic UI
11:08:35.983 INFO  o.o.c.internal.CoreActivator[:90]- openHAB runtime has been started (v1.1.0).
11:08:38.014 INFO  o.o.m.c.i.f.FolderObserver[:163]- Loaded file 'main.items'
11:08:40.159 INFO  o.o.i.r.i.RESTApplication[:158]- Started REST API at /rest
11:08:40.168 INFO  o.o.i.s.i.DiscoveryServiceImpl[:63]- Registering new service _openhab-server._tcp.local. at port 8080
11:08:46.335 INFO  o.o.m.c.i.f.FolderObserver[:163]- Loaded file 'main.sitemap'
11:08:46.750 INFO  o.o.i.s.i.DiscoveryServiceImpl[:63]- Registering new service _openhab-server-ssl._tcp.local. at port 8443
11:08:49.359 INFO  o.o.u.w.i.s.WebAppServlet[:99]- Started Classic UI at /openhab.app
11:09:04.619 ERROR OSGi[:98]- Exception while dispatching event org.osgi.service.event.Event [topic=openhab/command/MySwitch] to handler org.openhab.binding.modbus.internal.ModbusBinding@10a14ad
java.lang.NullPointerException: null
	at org.openhab.binding.modbus.internal.ModbusBinding.internalReceiveCommand(ModbusBinding.java:82)
	at org.openhab.core.events.AbstractEventSubscriberBinding.receiveCommand(AbstractEventSubscriberBinding.java:76)
	at org.openhab.core.events.AbstractEventSubscriber.handleEvent(AbstractEventSubscriber.java:62)
	at org.eclipse.equinox.internal.event.EventHandlerWrapper.handleEvent(EventHandlerWrapper.java:197)
	at org.eclipse.equinox.internal.event.EventHandlerTracker.dispatchEvent(EventHandlerTracker.java:197)
	at org.eclipse.equinox.internal.event.EventHandlerTracker.dispatchEvent(EventHandlerTracker.java:1)
11:10:37.625 INFO  o.o.m.c.i.f.FolderObserver[:163]- Loaded file 'main.items'
11:15:44.558 INFO  o.o.i.r.i.RESTApplication[:174]- Stopped REST API
11:15:44.558 INFO  o.o.i.s.i.DiscoveryServiceImpl[:77]- Unregistering service _openhab-server._tcp.local. at port 8080
11:15:46.571 INFO  o.o.i.s.i.DiscoveryServiceImpl[:77]- Unregistering service _openhab-server-ssl._tcp.local. at port 8443
11:16:11.096 INFO  o.o.u.w.i.s.WebAppServlet[:110]- Stopped Classic UI
11:16:11.106 ERROR OSGi[:98]- [SCR] Method was not found: unsetModbusBinding(...)
	Details:
	Problematic reference = Reference[name = ModbusBinding, interface = org.openhab.binding.modbus.internal.ModbusBinding, policy = dynamic, cardinality = 1..1, target = null, bind = setModbusBinding, unbind = unsetModbusBinding]
	of service component = org.openhab.binding.modbuspoll
	component implementation class = org.openhab.binding.modbus.internal.ModbusPoll
	located in bundle with symbolic name = org.openhab.binding.modbus
	bundle location = file:/C:/openhab-runtime-1.1.0/addons/org.openhab.binding.modbus-1.1.0.jar
11:16:11.106 ERROR OSGi[:98]- [SCR] Method was not found: unsetModbusBinding(...)
	Details:
	Problematic reference = Reference[name = ModbusBinding, interface = org.openhab.binding.modbus.internal.ModbusBinding, policy = dynamic, cardinality = 1..1, target = null, bind = setModbusBinding, unbind = unsetModbusBinding]
	of service component = org.openhab.binding.modbuspoll
	component implementation class = org.openhab.binding.modbus.internal.ModbusPoll
	located in bundle with symbolic name = org.openhab.binding.modbus
	bundle location = file:/C:/openhab-runtime-1.1.0/addons/org.openhab.binding.modbus-1.1.0.jar
11:21:02.560 INFO  o.o.c.internal.CoreActivator[:90]- openHAB runtime has been started (v1.1.0).
11:21:09.797 INFO  o.o.i.r.i.RESTApplication[:158]- Started REST API at /rest
11:21:09.797 INFO  o.o.i.s.i.DiscoveryServiceImpl[:63]- Registering new service _openhab-server._tcp.local. at port 8080
11:21:13.385 INFO  o.o.m.c.i.f.FolderObserver[:163]- Loaded file 'main.sitemap'
11:21:13.466 INFO  o.o.m.c.i.f.FolderObserver[:163]- Loaded file 'main.items'
11:21:14.599 INFO  o.o.i.s.i.DiscoveryServiceImpl[:63]- Registering new service _openhab-server-ssl._tcp.local. at port 8443
11:21:17.204 INFO  o.o.u.w.i.s.WebAppServlet[:99]- Started Classic UI at /openhab.app
11:26:21.658 INFO  o.o.i.r.i.RESTApplication[:174]- Stopped REST API
11:26:21.658 INFO  o.o.i.s.i.DiscoveryServiceImpl[:77]- Unregistering service _openhab-server._tcp.local. at port 8080
11:26:23.822 INFO  o.o.i.s.i.DiscoveryServiceImpl[:77]- Unregistering service _openhab-server-ssl._tcp.local. at port 8443
11:26:38.051 INFO  o.o.u.w.i.s.WebAppServlet[:110]- Stopped Classic UI
11:30:53.918 INFO  o.o.c.internal.CoreActivator[:90]- openHAB runtime has been started (v1.1.0).
11:30:56.452 INFO  o.o.m.c.i.f.FolderObserver[:163]- Loaded file 'main.items'
11:30:58.661 INFO  o.o.i.r.i.RESTApplication[:158]- Started REST API at /rest
11:30:58.661 INFO  o.o.i.s.i.DiscoveryServiceImpl[:63]- Registering new service _openhab-server._tcp.local. at port 8080
11:31:04.520 INFO  o.o.m.c.i.f.FolderObserver[:163]- Loaded file 'main.sitemap'
11:31:05.209 INFO  o.o.i.s.i.DiscoveryServiceImpl[:63]- Registering new service _openhab-server-ssl._tcp.local. at port 8443
11:31:07.974 INFO  o.o.u.w.i.s.WebAppServlet[:99]- Started Classic UI at /openhab.app
11:32:15.505 INFO  o.o.i.r.i.RESTApplication[:174]- Stopped REST API
11:32:15.505 INFO  o.o.i.s.i.DiscoveryServiceImpl[:77]- Unregistering service _openhab-server._tcp.local. at port 8080
11:32:16.335 ERROR org.quartz.core.JobRunShell[:222]- Job DB4O_SchedulerGroup.Commit_Transaction threw an unhandled Exception: 
com.db4o.ext.DatabaseClosedException: null
	at com.db4o.internal.ObjectContainerBase.checkClosed(ObjectContainerBase.java:303)
	at com.db4o.internal.ObjectContainerBase.checkTransaction(ObjectContainerBase.java:331)
	at com.db4o.internal.ObjectContainerBase.rollback(ObjectContainerBase.java:1559)
	at com.db4o.internal.ExternalObjectContainer.rollback(ExternalObjectContainer.java:119)
	at org.openhab.persistence.db4o.internal.Db4oPersistenceService$CommitJob.execute(Db4oPersistenceService.java:291)
	at org.quartz.core.JobRunShell.run(JobRunShell.java:213)
11:32:16.347 ERROR org.quartz.core.ErrorLogger[:2361]- Job (DB4O_SchedulerGroup.Commit_Transaction threw an exception.
org.quartz.SchedulerException: Job threw an unhandled exception.
	at org.quartz.core.JobRunShell.run(JobRunShell.java:224)
	at org.quartz.simpl.SimpleThreadPool$WorkerThread.run(SimpleThreadPool.java:557)
Caused by: com.db4o.ext.DatabaseClosedException: null
	at com.db4o.internal.ObjectContainerBase.checkClosed(ObjectContainerBase.java:303)
	at com.db4o.internal.ObjectContainerBase.checkTransaction(ObjectContainerBase.java:331)
	at com.db4o.internal.ObjectContainerBase.rollback(ObjectContainerBase.java:1559)
	at com.db4o.internal.ExternalObjectContainer.rollback(ExternalObjectContainer.java:119)
	at org.openhab.persistence.db4o.internal.Db4oPersistenceService$CommitJob.execute(Db4oPersistenceService.java:291)
	at org.quartz.core.JobRunShell.run(JobRunShell.java:213)
11:32:17.843 INFO  o.o.i.s.i.DiscoveryServiceImpl[:77]- Unregistering service _openhab-server-ssl._tcp.local. at port 8443
11:32:21.258 ERROR org.quartz.core.JobRunShell[:222]- Job DB4O_SchedulerGroup.Commit_Transaction threw an unhandled Exception: 
com.db4o.ext.DatabaseClosedException: null
	at com.db4o.internal.ObjectContainerBase.checkClosed(ObjectContainerBase.java:303)
	at com.db4o.internal.ObjectContainerBase.checkTransaction(ObjectContainerBase.java:331)
	at com.db4o.internal.ObjectContainerBase.rollback(ObjectContainerBase.java:1559)
	at com.db4o.internal.ExternalObjectContainer.rollback(ExternalObjectContainer.java:119)
	at org.openhab.persistence.db4o.internal.Db4oPersistenceService$CommitJob.execute(Db4oPersistenceService.java:291)
	at org.quartz.core.JobRunShell.run(JobRunShell.java:213)
11:32:21.258 ERROR org.quartz.core.ErrorLogger[:2361]- Job (DB4O_SchedulerGroup.Commit_Transaction threw an exception.
org.quartz.SchedulerException: Job threw an unhandled exception.
	at org.quartz.core.JobRunShell.run(JobRunShell.java:224)
	at org.quartz.simpl.SimpleThreadPool$WorkerThread.run(SimpleThreadPool.java:557)
Caused by: com.db4o.ext.DatabaseClosedException: null
	at com.db4o.internal.ObjectContainerBase.checkClosed(ObjectContainerBase.java:303)
	at com.db4o.internal.ObjectContainerBase.checkTransaction(ObjectContainerBase.java:331)
	at com.db4o.internal.ObjectContainerBase.rollback(ObjectContainerBase.java:1559)
	at com.db4o.internal.ExternalObjectContainer.rollback(ExternalObjectContainer.java:119)
	at org.openhab.persistence.db4o.internal.Db4oPersistenceService$CommitJob.execute(Db4oPersistenceService.java:291)
	at org.quartz.core.JobRunShell.run(JobRunShell.java:213)
11:32:24.798 INFO  o.o.u.w.i.s.WebAppServlet[:110]- Stopped Classic UI
