Declarations of the global constants
Declarations of the global library constants
Declarations of the global constants
Declarations of the global library constants
Interface of POU 'CONCAT'
Interface of POU 'CTD'
Interface of POU 'CTU'
Interface of POU 'CTUD'
Interface of POU 'DELETE'
Interface of POU 'F_TRIG'
Interface of POU 'FIND'
Interface of POU 'INSERT'
Interface of POU 'LEFT'
Interface of POU 'LEN'
Interface of POU 'MID'
Interface of POU 'R_TRIG'
Interface of POU 'REPLACE'
Interface of POU 'RIGHT'
Interface of POU 'RS'
Interface of POU 'SEMA'
Interface of POU 'SR'
Interface of POU 'TOF'
Interface of POU 'TON'
Interface of POU 'TP'
Interface of POU 'SFCACTIONCONTROL'
Interface of POU 'SFCACTIONTYPE'
Interface of POU 'SFCSTEPTYPE'
Interface of POU 'FB_ALARM'
Interface of POU 'FB_ALL'
Interface of POU 'FB_HLL'
Interface of POU 'Z_FB_DIFF_OUT_ON_LONG_AND_SHORT'
Interface of POU 'Z_FB_SINGLE_SW'
Interface of POU 'Z_FB_SHORT_P_OUT1_LONG_P_OUT1_AND_OUT2'
Interface of POU 'Z_FB_SHRT_P_OUT1_LNG_P_OUT1_OUT2_TIMER'
Interface of POU 'Z_FB_SINGLE_SW_WITH_TIMER'
Interface of POU 'Z_FB_WS'
Interface of POU 'PLC_PRG'
Declarations of the global variables
Interface of POU '__PLC_VISU_TRENDCODE'
Interface of POU 'PRINTF'
Data allocation
Check task configuration
Error: Invalid Task Configuration
Implementation of POU 'SFCActionControl'
Implementation of POU 'FB_ALARM'
Initialisation code for POU 'FB_ALARM'
Implementation of POU 'FB_ALL'
Initialisation code for POU 'FB_ALL'
Implementation of POU 'FB_HLL'
Initialisation code for POU 'FB_HLL'
Implementation of POU 'PLC_PRG'
Implementation of POU 'Z_FB_DIFF_OUT_ON_LONG_AND_SHORT'
Initialisation code for POU 'Z_FB_DIFF_OUT_ON_LONG_AND_SHORT'
Implementation of POU 'Z_FB_SHORT_P_OUT1_LONG_P_OUT1_AND_OUT2'
Initialisation code for POU 'Z_FB_SHORT_P_OUT1_LONG_P_OUT1_AND_OUT2'
Implementation of POU 'Z_FB_SHRT_P_OUT1_LNG_P_OUT1_OUT2_TIMER'
Initialisation code for POU 'Z_FB_SHRT_P_OUT1_LNG_P_OUT1_OUT2_TIMER'
Implementation of POU 'Z_FB_SINGLE_SW'
Initialisation code for POU 'Z_FB_SINGLE_SW'
Implementation of POU 'Z_FB_SINGLE_SW_WITH_TIMER'
Initialisation code for POU 'Z_FB_SINGLE_SW_WITH_TIMER'
Implementation of POU 'Z_FB_WS'
Initialisation code for POU 'Z_FB_WS'
Implementation of POU '__PLC_VISU_TRENDCODE'
Implementation of POU 'PRINTF'
Error 3614: The project does not contain a POU named 'MAIN' (main routine) or a task configuration
